[2020-12-16T02:05:45.194066+01:00] Epidemiology.ERROR: Internal Server Error {"Error":"[object] (PDOException(code: 1049): SQLSTATE[HY000] [1049] Unknown database 'juegopaw' at C:\\Users\\Esteban\\Desktop\\JuegoPawLarenaIarza\\src\\Core\\Database\\ConnectionBuilder.php:35)"} []
[2020-12-16T02:06:05.498551+01:00] Epidemiology.ERROR: Internal Server Error {"Error":"[object] (PDOException(code: 1049): SQLSTATE[HY000] [1049] Unknown database 'juegopaw' at C:\\Users\\Esteban\\Desktop\\JuegoPawLarenaIarza\\src\\Core\\Database\\ConnectionBuilder.php:35)"} []
[2020-12-16T02:17:19.880560+01:00] Epidemiology.INFO: Status Code: 200 {"Path":"/","Method":"GET"} []
[2020-12-16T02:18:09.665843+01:00] Epidemiology.INFO: Status Code: 200 {"Path":"/crearCuenta","Method":"GET"} []
[2020-12-16T02:18:36.564268+01:00] Epidemiology.INFO: Status Code: 200 {"Path":"/","Method":"GET"} []
[2020-12-16T02:18:39.833910+01:00] Epidemiology.INFO: Status Code: 200 {"Path":"/login","Method":"GET"} []
[2020-12-16T02:19:08.434658+01:00] Epidemiology.INFO: Status Code: 200 {"Path":"/crearCuenta","Method":"GET"} []
[2020-12-16T02:19:21.002929+01:00] Epidemiology.INFO: Status Code: 200 {"Path":"/login","Method":"GET"} []
[2020-12-16T02:19:21.146947+01:00] Epidemiology.INFO: Status Code: 200 {"Path":"/crearCuenta","Method":"GET"} []
[2020-12-16T02:19:38.083138+01:00] Epidemiology.INFO: Status Code: 200 {"Path":"/crearCuenta","Method":"POST"} []
[2020-12-16T02:19:38.086200+01:00] Epidemiology.DEBUG: Jugador->save() [] []
[2020-12-16T02:19:38.086245+01:00] Epidemiology.DEBUG: Models->hasValue(mail, iarzaesteban94@gmail.com) [] []
[2020-12-16T02:19:38.641968+01:00] Epidemiology.DEBUG: Guardando en usuario -> Oreja123456iarzaesteban94@gmail.com [] []
[2020-12-16T02:19:38.642041+01:00] Epidemiology.DEBUG: Insert [] []
[2020-12-16T02:19:38.642083+01:00] Epidemiology.DEBUG: bind value -> : nombre     valor -> Oreja [] []
[2020-12-16T02:19:38.642112+01:00] Epidemiology.DEBUG: bind value -> : password     valor -> 123456 [] []
[2020-12-16T02:19:38.642137+01:00] Epidemiology.DEBUG: bind value -> : mail     valor -> iarzaesteban94@gmail.com [] []
[2020-12-16T02:19:38.642160+01:00] Epidemiology.DEBUG: query: INSERT INTO usuario (nombre,password,mail) VALUES (:nombre,:password,:mail) [] []
[2020-12-16T02:19:44.416760+01:00] Epidemiology.INFO: Status Code: 200 {"Path":"/crearCuenta","Method":"POST"} []
[2020-12-16T02:19:44.419701+01:00] Epidemiology.DEBUG: Jugador->save() [] []
[2020-12-16T02:19:44.419749+01:00] Epidemiology.DEBUG: Models->hasValue(mail, iarzaesteban94@gmail.com) [] []
[2020-12-16T02:19:56.182347+01:00] Epidemiology.INFO: Status Code: 200 {"Path":"/","Method":"GET"} []
[2020-12-16T02:19:58.462450+01:00] Epidemiology.INFO: Status Code: 200 {"Path":"/crearCuenta","Method":"GET"} []
[2020-12-16T02:20:00.244285+01:00] Epidemiology.INFO: Status Code: 200 {"Path":"/crearCuenta","Method":"GET"} []
[2020-12-16T02:20:04.479803+01:00] Epidemiology.INFO: Status Code: 200 {"Path":"/","Method":"GET"} []
[2020-12-16T02:20:06.160505+01:00] Epidemiology.INFO: Status Code: 200 {"Path":"/login","Method":"GET"} []
[2020-12-16T02:20:12.149383+01:00] Epidemiology.INFO: Status Code: 200 {"Path":"/login","Method":"POST"} []
[2020-12-16T02:21:02.116267+01:00] Epidemiology.INFO: Status Code: 200 {"Path":"/","Method":"GET"} []
[2020-12-16T02:21:03.769412+01:00] Epidemiology.INFO: Status Code: 200 {"Path":"/sala","Method":"GET"} []
[2020-12-16T02:21:03.772548+01:00] Epidemiology.DEBUG: juego->obtenerSalasAbiertas() [] []
[2020-12-16T02:21:06.050322+01:00] Epidemiology.INFO: Status Code: 200 {"Path":"/crearSala","Method":"GET"} []
[2020-12-16T02:21:13.609612+01:00] Epidemiology.INFO: Status Code: 200 {"Path":"/login","Method":"GET"} []
[2020-12-16T02:25:20.010562+01:00] Epidemiology.INFO: Status Code: 200 {"Path":"/sala","Method":"GET"} []
[2020-12-16T02:25:20.016138+01:00] Epidemiology.DEBUG: juego->obtenerSalasAbiertas() [] []
[2020-12-16T02:25:23.403243+01:00] Epidemiology.INFO: Status Code: 200 {"Path":"/crearCuenta","Method":"GET"} []
[2020-12-16T02:47:44.420211+01:00] Epidemiology.INFO: Status Code: 200 {"Path":"/crearCuenta","Method":"GET"} []
[2020-12-16T02:48:10.938576+01:00] Epidemiology.INFO: Status Code: 200 {"Path":"/crearCuenta","Method":"GET"} []
[2020-12-16T02:48:22.443463+01:00] Epidemiology.INFO: Status Code: 200 {"Path":"/crearCuenta","Method":"GET"} []
[2020-12-16T02:48:29.433339+01:00] Epidemiology.INFO: Status Code: 200 {"Path":"/crearCuenta","Method":"GET"} []
[2020-12-16T02:49:09.031429+01:00] Epidemiology.INFO: Status Code: 200 {"Path":"/crearCuenta","Method":"GET"} []
[2020-12-16T02:49:17.281349+01:00] Epidemiology.INFO: Status Code: 200 {"Path":"/crearCuenta","Method":"GET"} []
[2020-12-16T02:49:26.666672+01:00] Epidemiology.INFO: Status Code: 200 {"Path":"/crearCuenta","Method":"GET"} []
[2020-12-16T02:49:32.147091+01:00] Epidemiology.INFO: Status Code: 200 {"Path":"/crearCuenta","Method":"GET"} []
[2020-12-16T02:49:55.323746+01:00] Epidemiology.INFO: Status Code: 200 {"Path":"/crearCuenta","Method":"GET"} []
[2020-12-16T02:50:43.065612+01:00] Epidemiology.INFO: Status Code: 200 {"Path":"/crearCuenta","Method":"GET"} []
[2020-12-16T02:51:14.420964+01:00] Epidemiology.INFO: Status Code: 200 {"Path":"/crearCuenta","Method":"GET"} []
[2020-12-16T02:51:19.414080+01:00] Epidemiology.INFO: Status Code: 200 {"Path":"/crearCuenta","Method":"GET"} []
[2020-12-16T02:51:23.097344+01:00] Epidemiology.INFO: Status Code: 200 {"Path":"/crearCuenta","Method":"GET"} []
[2020-12-16T02:51:32.573442+01:00] Epidemiology.INFO: Status Code: 200 {"Path":"/crearCuenta","Method":"GET"} []
[2020-12-16T02:51:44.946683+01:00] Epidemiology.INFO: Status Code: 200 {"Path":"/crearCuenta","Method":"GET"} []
[2020-12-16T02:52:44.949642+01:00] Epidemiology.INFO: Status Code: 200 {"Path":"/crearCuenta","Method":"GET"} []
[2020-12-16T02:53:24.128274+01:00] Epidemiology.INFO: Status Code: 200 {"Path":"/crearCuenta","Method":"GET"} []
[2020-12-16T02:53:24.872465+01:00] Epidemiology.INFO: Status Code: 200 {"Path":"/crearCuenta","Method":"GET"} []
[2020-12-16T02:53:25.030496+01:00] Epidemiology.INFO: Status Code: 200 {"Path":"/crearCuenta","Method":"GET"} []
[2020-12-16T02:53:25.192259+01:00] Epidemiology.INFO: Status Code: 200 {"Path":"/crearCuenta","Method":"GET"} []
[2020-12-16T02:53:29.365646+01:00] Epidemiology.INFO: Status Code: 200 {"Path":"/crearCuenta","Method":"GET"} []
[2020-12-16T02:53:30.101532+01:00] Epidemiology.INFO: Status Code: 200 {"Path":"/crearCuenta","Method":"GET"} []
[2020-12-16T02:53:30.271129+01:00] Epidemiology.INFO: Status Code: 200 {"Path":"/crearCuenta","Method":"GET"} []
[2020-12-16T02:53:30.442740+01:00] Epidemiology.INFO: Status Code: 200 {"Path":"/crearCuenta","Method":"GET"} []
[2020-12-16T02:53:30.779959+01:00] Epidemiology.INFO: Status Code: 200 {"Path":"/crearCuenta","Method":"GET"} []
[2020-12-16T02:53:48.348307+01:00] Epidemiology.INFO: Status Code: 200 {"Path":"/crearCuenta","Method":"GET"} []
[2020-12-16T02:53:49.763489+01:00] Epidemiology.INFO: Status Code: 200 {"Path":"/crearCuenta","Method":"GET"} []
[2020-12-16T02:53:51.131189+01:00] Epidemiology.INFO: Status Code: 200 {"Path":"/crearCuenta","Method":"GET"} []
[2020-12-16T02:53:52.445488+01:00] Epidemiology.INFO: Status Code: 200 {"Path":"/crearCuenta","Method":"GET"} []
[2020-12-16T02:55:00.227284+01:00] Epidemiology.INFO: Status Code: 200 {"Path":"/crearCuenta","Method":"GET"} []
[2020-12-16T02:55:05.424310+01:00] Epidemiology.INFO: Status Code: 200 {"Path":"/crearCuenta","Method":"GET"} []
[2020-12-16T02:55:26.895779+01:00] Epidemiology.INFO: Status Code: 200 {"Path":"/crearCuenta","Method":"GET"} []
[2020-12-16T02:55:43.348812+01:00] Epidemiology.INFO: Status Code: 200 {"Path":"/crearCuenta","Method":"GET"} []
[2020-12-16T02:55:51.367365+01:00] Epidemiology.INFO: Status Code: 200 {"Path":"/crearCuenta","Method":"GET"} []
[2020-12-16T02:56:27.921667+01:00] Epidemiology.INFO: Status Code: 200 {"Path":"/crearCuenta","Method":"GET"} []
[2020-12-16T02:56:29.057016+01:00] Epidemiology.INFO: Status Code: 200 {"Path":"/crearCuenta","Method":"GET"} []
[2020-12-16T02:57:11.680031+01:00] Epidemiology.INFO: Status Code: 200 {"Path":"/crearCuenta","Method":"GET"} []
[2020-12-16T02:57:23.080652+01:00] Epidemiology.INFO: Status Code: 200 {"Path":"/crearCuenta","Method":"GET"} []
[2020-12-16T02:57:30.676137+01:00] Epidemiology.INFO: Status Code: 200 {"Path":"/crearCuenta","Method":"GET"} []
[2020-12-16T02:58:54.327146+01:00] Epidemiology.INFO: Status Code: 200 {"Path":"/crearCuenta","Method":"GET"} []
[2020-12-16T02:59:01.567211+01:00] Epidemiology.INFO: Status Code: 200 {"Path":"/crearCuenta","Method":"GET"} []
[2020-12-16T02:59:10.940619+01:00] Epidemiology.INFO: Status Code: 200 {"Path":"/crearCuenta","Method":"GET"} []
[2020-12-16T02:59:22.605450+01:00] Epidemiology.INFO: Status Code: 200 {"Path":"/crearCuenta","Method":"GET"} []
[2020-12-16T02:59:23.455265+01:00] Epidemiology.INFO: Status Code: 200 {"Path":"/crearCuenta","Method":"GET"} []
[2020-12-16T02:59:23.765355+01:00] Epidemiology.INFO: Status Code: 200 {"Path":"/crearCuenta","Method":"GET"} []
[2020-12-16T02:59:24.162568+01:00] Epidemiology.INFO: Status Code: 200 {"Path":"/crearCuenta","Method":"GET"} []
[2020-12-16T02:59:24.341820+01:00] Epidemiology.INFO: Status Code: 200 {"Path":"/crearCuenta","Method":"GET"} []
[2020-12-16T03:00:19.156504+01:00] Epidemiology.INFO: Status Code: 200 {"Path":"/crearCuenta","Method":"GET"} []
[2020-12-16T03:00:20.447983+01:00] Epidemiology.INFO: Status Code: 200 {"Path":"/crearCuenta","Method":"GET"} []
[2020-12-16T03:00:34.300702+01:00] Epidemiology.INFO: Status Code: 200 {"Path":"/crearCuenta","Method":"GET"} []
[2020-12-16T03:00:41.083200+01:00] Epidemiology.INFO: Status Code: 200 {"Path":"/crearCuenta","Method":"GET"} []
[2020-12-16T03:01:00.818564+01:00] Epidemiology.INFO: Status Code: 200 {"Path":"/crearCuenta","Method":"GET"} []
[2020-12-16T03:02:49.938529+01:00] Epidemiology.INFO: Status Code: 200 {"Path":"/crearCuenta","Method":"GET"} []
[2020-12-16T03:02:51.250123+01:00] Epidemiology.INFO: Status Code: 200 {"Path":"/crearCuenta","Method":"GET"} []
[2020-12-16T03:03:11.716441+01:00] Epidemiology.INFO: Status Code: 200 {"Path":"/crearCuenta","Method":"GET"} []
[2020-12-16T03:03:13.159731+01:00] Epidemiology.INFO: Status Code: 200 {"Path":"/crearCuenta","Method":"GET"} []
[2020-12-16T03:03:13.756463+01:00] Epidemiology.INFO: Status Code: 200 {"Path":"/crearCuenta","Method":"GET"} []
[2020-12-16T03:03:13.949151+01:00] Epidemiology.INFO: Status Code: 200 {"Path":"/crearCuenta","Method":"GET"} []
[2020-12-16T03:03:14.133890+01:00] Epidemiology.INFO: Status Code: 200 {"Path":"/crearCuenta","Method":"GET"} []
[2020-12-16T03:05:02.883791+01:00] Epidemiology.INFO: Status Code: 200 {"Path":"/crearCuenta","Method":"GET"} []
[2020-12-16T03:05:40.753556+01:00] Epidemiology.INFO: Status Code: 200 {"Path":"/crearCuenta","Method":"GET"} []
[2020-12-16T03:05:55.896585+01:00] Epidemiology.INFO: Status Code: 200 {"Path":"/crearCuenta","Method":"GET"} []
[2020-12-16T03:05:57.767559+01:00] Epidemiology.INFO: Status Code: 200 {"Path":"/crearCuenta","Method":"GET"} []
[2020-12-16T03:06:08.918355+01:00] Epidemiology.INFO: Status Code: 200 {"Path":"/crearCuenta","Method":"GET"} []
[2020-12-16T03:06:33.346372+01:00] Epidemiology.INFO: Status Code: 200 {"Path":"/crearCuenta","Method":"GET"} []
[2020-12-16T03:06:35.973833+01:00] Epidemiology.INFO: Status Code: 200 {"Path":"/crearCuenta","Method":"GET"} []
[2020-12-16T03:06:41.931986+01:00] Epidemiology.INFO: Status Code: 200 {"Path":"/crearCuenta","Method":"GET"} []
[2020-12-16T03:06:42.822212+01:00] Epidemiology.INFO: Status Code: 200 {"Path":"/crearCuenta","Method":"GET"} []
[2020-12-16T03:06:51.644207+01:00] Epidemiology.INFO: Status Code: 200 {"Path":"/crearCuenta","Method":"GET"} []
[2020-12-16T03:06:52.550207+01:00] Epidemiology.INFO: Status Code: 200 {"Path":"/crearCuenta","Method":"GET"} []
[2020-12-16T03:06:59.993945+01:00] Epidemiology.INFO: Status Code: 200 {"Path":"/crearCuenta","Method":"GET"} []
[2020-12-16T03:07:25.019927+01:00] Epidemiology.INFO: Status Code: 200 {"Path":"/crearCuenta","Method":"GET"} []
[2020-12-16T03:07:29.715195+01:00] Epidemiology.INFO: Status Code: 200 {"Path":"/crearCuenta","Method":"GET"} []
[2020-12-16T03:07:30.652989+01:00] Epidemiology.INFO: Status Code: 200 {"Path":"/crearCuenta","Method":"GET"} []
[2020-12-16T03:07:31.116573+01:00] Epidemiology.INFO: Status Code: 200 {"Path":"/crearCuenta","Method":"GET"} []
[2020-12-16T03:07:36.999666+01:00] Epidemiology.INFO: Status Code: 200 {"Path":"/crearCuenta","Method":"GET"} []
[2020-12-16T03:07:38.035811+01:00] Epidemiology.INFO: Status Code: 200 {"Path":"/crearCuenta","Method":"GET"} []
[2020-12-16T03:07:38.194687+01:00] Epidemiology.INFO: Status Code: 200 {"Path":"/crearCuenta","Method":"GET"} []
[2020-12-16T03:07:38.347395+01:00] Epidemiology.INFO: Status Code: 200 {"Path":"/crearCuenta","Method":"GET"} []
[2020-12-16T03:07:38.522704+01:00] Epidemiology.INFO: Status Code: 200 {"Path":"/crearCuenta","Method":"GET"} []
[2020-12-16T03:07:38.664423+01:00] Epidemiology.INFO: Status Code: 200 {"Path":"/crearCuenta","Method":"GET"} []
[2020-12-16T03:08:15.802457+01:00] Epidemiology.INFO: Status Code: 200 {"Path":"/crearCuenta","Method":"GET"} []
[2020-12-16T03:08:24.318926+01:00] Epidemiology.INFO: Status Code: 200 {"Path":"/crearCuenta","Method":"GET"} []
[2020-12-16T03:09:44.734779+01:00] Epidemiology.INFO: Status Code: 200 {"Path":"/crearCuenta","Method":"GET"} []
[2020-12-16T03:09:50.036047+01:00] Epidemiology.INFO: Status Code: 200 {"Path":"/crearCuenta","Method":"GET"} []
[2020-12-16T03:10:30.303782+01:00] Epidemiology.INFO: Status Code: 200 {"Path":"/crearCuenta","Method":"GET"} []
[2020-12-16T03:11:46.864487+01:00] Epidemiology.INFO: Status Code: 200 {"Path":"/crearCuenta","Method":"GET"} []
[2020-12-16T03:12:40.911065+01:00] Epidemiology.INFO: Status Code: 200 {"Path":"/crearCuenta","Method":"GET"} []
[2020-12-16T03:13:31.813390+01:00] Epidemiology.INFO: Status Code: 200 {"Path":"/crearCuenta","Method":"GET"} []
[2020-12-16T03:13:43.685064+01:00] Epidemiology.INFO: Status Code: 200 {"Path":"/crearCuenta","Method":"GET"} []
[2020-12-16T03:13:49.200929+01:00] Epidemiology.INFO: Status Code: 200 {"Path":"/crearCuenta","Method":"GET"} []
[2020-12-16T03:14:30.912900+01:00] Epidemiology.INFO: Status Code: 200 {"Path":"/crearCuenta","Method":"GET"} []
[2020-12-16T03:14:44.122778+01:00] Epidemiology.INFO: Status Code: 200 {"Path":"/crearCuenta","Method":"GET"} []
[2020-12-16T03:14:57.711397+01:00] Epidemiology.INFO: Status Code: 200 {"Path":"/crearCuenta","Method":"GET"} []
[2020-12-16T03:15:15.294849+01:00] Epidemiology.INFO: Status Code: 200 {"Path":"/crearCuenta","Method":"GET"} []
[2020-12-16T03:15:21.298738+01:00] Epidemiology.INFO: Status Code: 200 {"Path":"/crearCuenta","Method":"GET"} []
[2020-12-16T03:15:43.122042+01:00] Epidemiology.INFO: Status Code: 200 {"Path":"/crearCuenta","Method":"GET"} []
[2020-12-16T03:15:59.855936+01:00] Epidemiology.INFO: Status Code: 200 {"Path":"/crearCuenta","Method":"GET"} []
[2020-12-16T03:16:05.377643+01:00] Epidemiology.INFO: Status Code: 200 {"Path":"/crearCuenta","Method":"GET"} []
[2020-12-16T03:16:26.397847+01:00] Epidemiology.INFO: Status Code: 200 {"Path":"/crearCuenta","Method":"GET"} []
[2020-12-16T03:16:36.969949+01:00] Epidemiology.INFO: Status Code: 200 {"Path":"/crearCuenta","Method":"GET"} []
[2020-12-16T03:16:45.755161+01:00] Epidemiology.INFO: Status Code: 200 {"Path":"/crearCuenta","Method":"GET"} []
[2020-12-16T03:17:11.219384+01:00] Epidemiology.INFO: Status Code: 200 {"Path":"/crearCuenta","Method":"GET"} []
[2020-12-16T03:20:32.364528+01:00] Epidemiology.INFO: Status Code: 200 {"Path":"/crearCuenta","Method":"GET"} []
[2020-12-16T03:22:01.371555+01:00] Epidemiology.INFO: Status Code: 200 {"Path":"/crearCuenta","Method":"GET"} []
[2020-12-16T03:22:22.173195+01:00] Epidemiology.INFO: Status Code: 200 {"Path":"/crearCuenta","Method":"GET"} []
[2020-12-16T03:35:03.652673+01:00] Epidemiology.INFO: Status Code: 200 {"Path":"/crearCuenta","Method":"GET"} []
[2020-12-16T03:35:09.427126+01:00] Epidemiology.INFO: Status Code: 200 {"Path":"/crearCuenta","Method":"GET"} []
[2020-12-16T03:35:11.159944+01:00] Epidemiology.INFO: Status Code: 200 {"Path":"/crearCuenta","Method":"GET"} []
[2020-12-16T03:35:15.278413+01:00] Epidemiology.INFO: Status Code: 200 {"Path":"/crearCuenta","Method":"GET"} []
[2020-12-16T03:35:20.487257+01:00] Epidemiology.INFO: Status Code: 200 {"Path":"/crearCuenta","Method":"GET"} []
[2020-12-16T03:35:21.456903+01:00] Epidemiology.INFO: Status Code: 200 {"Path":"/crearCuenta","Method":"GET"} []
[2020-12-16T03:35:21.660795+01:00] Epidemiology.INFO: Status Code: 200 {"Path":"/crearCuenta","Method":"GET"} []
[2020-12-16T03:36:16.794148+01:00] Epidemiology.INFO: Status Code: 200 {"Path":"/crearCuenta","Method":"GET"} []
[2020-12-16T03:36:26.741622+01:00] Epidemiology.INFO: Status Code: 200 {"Path":"/crearCuenta","Method":"GET"} []
[2020-12-16T03:36:32.538162+01:00] Epidemiology.INFO: Status Code: 200 {"Path":"/crearCuenta","Method":"GET"} []
[2020-12-16T03:36:55.824842+01:00] Epidemiology.INFO: Status Code: 200 {"Path":"/crearCuenta","Method":"GET"} []
[2020-12-16T03:38:49.441409+01:00] Epidemiology.INFO: Status Code: 200 {"Path":"/crearCuenta","Method":"GET"} []
[2020-12-16T03:39:03.391480+01:00] Epidemiology.INFO: Status Code: 200 {"Path":"/crearCuenta","Method":"GET"} []
[2020-12-16T03:39:15.817914+01:00] Epidemiology.INFO: Status Code: 200 {"Path":"/crearCuenta","Method":"GET"} []
[2020-12-16T03:39:26.708975+01:00] Epidemiology.INFO: Status Code: 200 {"Path":"/crearCuenta","Method":"GET"} []
[2020-12-16T03:39:33.743216+01:00] Epidemiology.INFO: Status Code: 200 {"Path":"/crearCuenta","Method":"GET"} []
[2020-12-16T03:39:38.448873+01:00] Epidemiology.INFO: Status Code: 200 {"Path":"/crearCuenta","Method":"GET"} []
[2020-12-16T03:43:58.871179+01:00] Epidemiology.INFO: Status Code: 200 {"Path":"/crearCuenta","Method":"GET"} []
[2020-12-16T03:45:13.784120+01:00] Epidemiology.INFO: Status Code: 200 {"Path":"/crearCuenta","Method":"GET"} []
[2020-12-16T03:45:20.531704+01:00] Epidemiology.INFO: Status Code: 200 {"Path":"/crearCuenta","Method":"GET"} []
[2020-12-16T03:45:29.813159+01:00] Epidemiology.INFO: Status Code: 200 {"Path":"/crearCuenta","Method":"GET"} []
[2020-12-16T03:45:34.545591+01:00] Epidemiology.INFO: Status Code: 200 {"Path":"/crearCuenta","Method":"GET"} []
[2020-12-16T03:45:39.405563+01:00] Epidemiology.INFO: Status Code: 200 {"Path":"/crearCuenta","Method":"GET"} []
[2020-12-16T03:46:22.971651+01:00] Epidemiology.INFO: Status Code: 200 {"Path":"/crearCuenta","Method":"GET"} []
[2020-12-16T03:46:23.751866+01:00] Epidemiology.INFO: Status Code: 200 {"Path":"/crearCuenta","Method":"GET"} []
[2020-12-16T03:46:23.975015+01:00] Epidemiology.INFO: Status Code: 200 {"Path":"/crearCuenta","Method":"GET"} []
[2020-12-16T03:47:05.953698+01:00] Epidemiology.INFO: Status Code: 200 {"Path":"/crearCuenta","Method":"GET"} []
[2020-12-16T03:47:17.062534+01:00] Epidemiology.INFO: Status Code: 200 {"Path":"/crearCuenta","Method":"GET"} []
[2020-12-16T03:47:24.328555+01:00] Epidemiology.INFO: Status Code: 200 {"Path":"/crearCuenta","Method":"GET"} []
[2020-12-16T03:47:29.289993+01:00] Epidemiology.INFO: Status Code: 200 {"Path":"/crearCuenta","Method":"GET"} []
[2020-12-16T03:47:34.192619+01:00] Epidemiology.INFO: Status Code: 200 {"Path":"/crearCuenta","Method":"GET"} []
[2020-12-16T03:48:05.303186+01:00] Epidemiology.INFO: Status Code: 200 {"Path":"/crearCuenta","Method":"GET"} []
[2020-12-16T03:48:44.342585+01:00] Epidemiology.INFO: Status Code: 200 {"Path":"/crearCuenta","Method":"GET"} []
[2020-12-16T03:49:30.355893+01:00] Epidemiology.INFO: Status Code: 200 {"Path":"/crearCuenta","Method":"GET"} []
[2020-12-16T03:50:05.149410+01:00] Epidemiology.INFO: Status Code: 200 {"Path":"/crearCuenta","Method":"GET"} []
[2020-12-16T03:50:05.946769+01:00] Epidemiology.INFO: Status Code: 200 {"Path":"/crearCuenta","Method":"GET"} []
[2020-12-16T03:50:11.592189+01:00] Epidemiology.INFO: Status Code: 200 {"Path":"/crearCuenta","Method":"GET"} []
[2020-12-16T03:51:07.070693+01:00] Epidemiology.INFO: Status Code: 200 {"Path":"/crearCuenta","Method":"GET"} []
[2020-12-16T03:52:34.549843+01:00] Epidemiology.INFO: Status Code: 200 {"Path":"/crearCuenta","Method":"GET"} []
[2020-12-16T03:56:45.002419+01:00] Epidemiology.INFO: Status Code: 200 {"Path":"/crearCuenta","Method":"GET"} []
[2020-12-16T03:56:53.961927+01:00] Epidemiology.INFO: Status Code: 200 {"Path":"/crearCuenta","Method":"GET"} []
[2020-12-16T03:56:55.713571+01:00] Epidemiology.INFO: Status Code: 200 {"Path":"/crearCuenta","Method":"GET"} []
[2020-12-16T03:56:56.378666+01:00] Epidemiology.INFO: Status Code: 200 {"Path":"/crearCuenta","Method":"GET"} []
[2020-12-16T03:56:59.849696+01:00] Epidemiology.INFO: Status Code: 200 {"Path":"/crearCuenta","Method":"GET"} []
[2020-12-16T03:57:08.361641+01:00] Epidemiology.INFO: Status Code: 200 {"Path":"/crearCuenta","Method":"GET"} []
[2020-12-16T03:58:14.896531+01:00] Epidemiology.INFO: Status Code: 200 {"Path":"/crearCuenta","Method":"GET"} []
[2020-12-16T03:58:59.065548+01:00] Epidemiology.INFO: Status Code: 200 {"Path":"/crearCuenta","Method":"GET"} []
[2020-12-16T03:59:10.909105+01:00] Epidemiology.INFO: Status Code: 200 {"Path":"/crearCuenta","Method":"GET"} []
[2020-12-16T03:59:27.705118+01:00] Epidemiology.INFO: Status Code: 200 {"Path":"/crearCuenta","Method":"GET"} []
[2020-12-16T03:59:33.601445+01:00] Epidemiology.INFO: Status Code: 200 {"Path":"/crearCuenta","Method":"GET"} []
[2020-12-16T04:00:28.534260+01:00] Epidemiology.INFO: Status Code: 200 {"Path":"/crearCuenta","Method":"GET"} []
[2020-12-16T04:00:51.735241+01:00] Epidemiology.INFO: Status Code: 200 {"Path":"/crearCuenta","Method":"GET"} []
[2020-12-16T04:03:44.044717+01:00] Epidemiology.INFO: Status Code: 200 {"Path":"/crearCuenta","Method":"GET"} []
[2020-12-16T04:05:04.544048+01:00] Epidemiology.INFO: Status Code: 200 {"Path":"/crearCuenta","Method":"GET"} []
[2020-12-16T04:05:45.919672+01:00] Epidemiology.INFO: Status Code: 200 {"Path":"/crearCuenta","Method":"GET"} []
[2020-12-16T04:05:53.463059+01:00] Epidemiology.INFO: Status Code: 200 {"Path":"/crearCuenta","Method":"GET"} []
[2020-12-16T04:06:00.502608+01:00] Epidemiology.INFO: Status Code: 200 {"Path":"/crearCuenta","Method":"GET"} []
[2020-12-16T04:06:20.556845+01:00] Epidemiology.INFO: Status Code: 200 {"Path":"/crearCuenta","Method":"GET"} []
[2020-12-16T04:06:46.381522+01:00] Epidemiology.INFO: Status Code: 200 {"Path":"/crearCuenta","Method":"GET"} []
[2020-12-16T04:07:12.922201+01:00] Epidemiology.INFO: Status Code: 200 {"Path":"/crearCuenta","Method":"GET"} []
[2020-12-16T04:07:32.979579+01:00] Epidemiology.INFO: Status Code: 200 {"Path":"/crearCuenta","Method":"GET"} []
[2020-12-16T04:08:22.518005+01:00] Epidemiology.INFO: Status Code: 200 {"Path":"/crearCuenta","Method":"GET"} []
[2020-12-16T04:08:44.079495+01:00] Epidemiology.INFO: Status Code: 200 {"Path":"/crearCuenta","Method":"GET"} []
[2020-12-16T04:08:50.651168+01:00] Epidemiology.INFO: Status Code: 200 {"Path":"/crearCuenta","Method":"GET"} []
[2020-12-16T04:09:04.399852+01:00] Epidemiology.INFO: Status Code: 200 {"Path":"/crearCuenta","Method":"GET"} []
[2020-12-16T04:09:10.593493+01:00] Epidemiology.INFO: Status Code: 200 {"Path":"/crearCuenta","Method":"GET"} []
[2020-12-16T04:09:16.483467+01:00] Epidemiology.INFO: Status Code: 200 {"Path":"/crearCuenta","Method":"GET"} []
[2020-12-16T04:09:22.976102+01:00] Epidemiology.INFO: Status Code: 200 {"Path":"/crearCuenta","Method":"GET"} []
[2020-12-16T04:10:16.440104+01:00] Epidemiology.INFO: Status Code: 200 {"Path":"/crearCuenta","Method":"GET"} []
[2020-12-16T04:10:17.297690+01:00] Epidemiology.INFO: Status Code: 200 {"Path":"/crearCuenta","Method":"GET"} []
[2020-12-16T04:10:17.476766+01:00] Epidemiology.INFO: Status Code: 200 {"Path":"/crearCuenta","Method":"GET"} []
[2020-12-16T04:10:19.973167+01:00] Epidemiology.INFO: Status Code: 200 {"Path":"/crearCuenta","Method":"GET"} []
[2020-12-16T04:10:22.389079+01:00] Epidemiology.INFO: Status Code: 200 {"Path":"/crearCuenta","Method":"GET"} []
[2020-12-16T04:10:22.827261+01:00] Epidemiology.INFO: Status Code: 200 {"Path":"/crearCuenta","Method":"GET"} []
[2020-12-16T04:10:23.000682+01:00] Epidemiology.INFO: Status Code: 200 {"Path":"/crearCuenta","Method":"GET"} []
[2020-12-16T04:10:23.136497+01:00] Epidemiology.INFO: Status Code: 200 {"Path":"/crearCuenta","Method":"GET"} []
[2020-12-16T04:10:33.702102+01:00] Epidemiology.INFO: Status Code: 200 {"Path":"/crearCuenta","Method":"GET"} []
[2020-12-16T04:10:41.052209+01:00] Epidemiology.INFO: Status Code: 200 {"Path":"/crearCuenta","Method":"GET"} []
[2020-12-16T04:10:58.029022+01:00] Epidemiology.INFO: Status Code: 200 {"Path":"/crearCuenta","Method":"GET"} []
[2020-12-16T04:11:06.775597+01:00] Epidemiology.INFO: Status Code: 200 {"Path":"/crearCuenta","Method":"GET"} []
[2020-12-16T04:11:08.331473+01:00] Epidemiology.INFO: Status Code: 200 {"Path":"/crearCuenta","Method":"GET"} []
[2020-12-16T04:11:20.294191+01:00] Epidemiology.INFO: Status Code: 200 {"Path":"/crearCuenta","Method":"GET"} []
[2020-12-16T04:11:27.786236+01:00] Epidemiology.INFO: Status Code: 200 {"Path":"/crearCuenta","Method":"GET"} []
[2020-12-16T04:11:36.543261+01:00] Epidemiology.INFO: Status Code: 200 {"Path":"/crearCuenta","Method":"GET"} []
[2020-12-16T04:11:53.049081+01:00] Epidemiology.INFO: Status Code: 200 {"Path":"/crearCuenta","Method":"GET"} []
[2020-12-16T04:11:58.181583+01:00] Epidemiology.INFO: Status Code: 200 {"Path":"/crearCuenta","Method":"GET"} []
[2020-12-16T04:12:03.723393+01:00] Epidemiology.INFO: Status Code: 200 {"Path":"/crearCuenta","Method":"GET"} []
[2020-12-16T04:12:11.080341+01:00] Epidemiology.INFO: Status Code: 200 {"Path":"/crearCuenta","Method":"GET"} []
[2020-12-16T04:12:23.434324+01:00] Epidemiology.INFO: Status Code: 200 {"Path":"/crearCuenta","Method":"GET"} []
[2020-12-16T04:12:41.615364+01:00] Epidemiology.INFO: Status Code: 200 {"Path":"/crearCuenta","Method":"GET"} []
[2020-12-16T04:12:47.700757+01:00] Epidemiology.INFO: Status Code: 200 {"Path":"/crearCuenta","Method":"GET"} []
[2020-12-16T04:14:01.938458+01:00] Epidemiology.INFO: Status Code: 200 {"Path":"/crearCuenta","Method":"GET"} []
[2020-12-16T04:17:11.046436+01:00] Epidemiology.INFO: Status Code: 200 {"Path":"/crearCuenta","Method":"GET"} []
